2024-09-22 12:04:20,314 - root - INFO - Логирование настроено успешно.
2024-09-22 12:04:20,314 - root - INFO - Запуск бота...
2024-09-22 12:04:20,331 - root - INFO - Приложение Telegram бота создано.
2024-09-22 12:04:20,331 - root - INFO - Обработчик команды /start добавлен.
2024-09-22 12:04:20,332 - root - INFO - Обработчик диалога покупки добавлен.
2024-09-22 12:04:20,332 - root - INFO - Обработчик диалога помощи добавлен.
2024-09-22 12:04:20,332 - root - INFO - Обработчик QR-кода добавлен.
2024-09-22 12:04:20,332 - root - INFO - Обработчик команды /make_backup добавлен.
2024-09-22 12:04:20,333 - root - INFO - Обработчик ошибок добавлен.
2024-09-22 12:04:20,538 - httpx - INFO - HTTP Request: POST https://api.telegram.org/bot7116285682:AAGLPgdKEheK1wlMny_9UAGdnxF-2DwRFcQ/getMe "HTTP/1.1 200 OK"
2024-09-22 12:04:20,647 - httpx - INFO - HTTP Request: POST https://api.telegram.org/bot7116285682:AAGLPgdKEheK1wlMny_9UAGdnxF-2DwRFcQ/deleteWebhook "HTTP/1.1 200 OK"
2024-09-22 12:04:20,650 - telegram.ext.Application - INFO - Application started
2024-09-22 12:04:30,816 - httpx - INFO - HTTP Request: POST https://api.telegram.org/bot7116285682:AAGLPgdKEheK1wlMny_9UAGdnxF-2DwRFcQ/getUpdates "HTTP/1.1 200 OK"
2024-09-22 12:04:40,873 - httpx - INFO - HTTP Request: POST https://api.telegram.org/bot7116285682:AAGLPgdKEheK1wlMny_9UAGdnxF-2DwRFcQ/getUpdates "HTTP/1.1 200 OK"
2024-09-22 12:04:50,511 - httpx - INFO - HTTP Request: POST https://api.telegram.org/bot7116285682:AAGLPgdKEheK1wlMny_9UAGdnxF-2DwRFcQ/getUpdates "HTTP/1.1 200 OK"
2024-09-22 12:04:50,513 - root - INFO - Пользователь Sergey_robots начал диалог покупки.
2024-09-22 12:04:50,515 - root - WARNING - Файл orders.txt не найден. Создан новый файл.
2024-09-22 12:04:50,515 - root - INFO - Созданы данные заказа 1.
2024-09-22 12:04:50,516 - root - INFO - Сохранено 1 заказов в orders.txt.
2024-09-22 12:04:50,516 - root - INFO - Заказ 1 инициализирован и добавлен в список заказов.
2024-09-22 12:04:50,730 - httpx - INFO - HTTP Request: POST https://api.telegram.org/bot7116285682:AAGLPgdKEheK1wlMny_9UAGdnxF-2DwRFcQ/sendMessage "HTTP/1.1 200 OK"
2024-09-22 12:04:50,732 - root - INFO - Заказ инициализирован успешно.
2024-09-22 12:04:52,502 - httpx - INFO - HTTP Request: POST https://api.telegram.org/bot7116285682:AAGLPgdKEheK1wlMny_9UAGdnxF-2DwRFcQ/getUpdates "HTTP/1.1 200 OK"
2024-09-22 12:04:52,503 - root - INFO - Step 0, User Sergey_robots, UserID 464483163, entered: 123
2024-09-22 12:04:52,503 - root - INFO - Имя пользователя сохранено: 123
2024-09-22 12:04:52,597 - httpx - INFO - HTTP Request: POST https://api.telegram.org/bot7116285682:AAGLPgdKEheK1wlMny_9UAGdnxF-2DwRFcQ/sendMessage "HTTP/1.1 200 OK"
2024-09-22 12:04:53,079 - httpx - INFO - HTTP Request: POST https://api.telegram.org/bot7116285682:AAGLPgdKEheK1wlMny_9UAGdnxF-2DwRFcQ/getUpdates "HTTP/1.1 200 OK"
2024-09-22 12:04:53,081 - root - INFO - Step 1, User Sergey_robots, UserID 464483163, entered: 123
2024-09-22 12:04:53,081 - root - INFO - Дата сохранена: 123
2024-09-22 12:04:53,153 - httpx - INFO - HTTP Request: POST https://api.telegram.org/bot7116285682:AAGLPgdKEheK1wlMny_9UAGdnxF-2DwRFcQ/sendMessage "HTTP/1.1 200 OK"
2024-09-22 12:04:53,553 - httpx - INFO - HTTP Request: POST https://api.telegram.org/bot7116285682:AAGLPgdKEheK1wlMny_9UAGdnxF-2DwRFcQ/getUpdates "HTTP/1.1 200 OK"
2024-09-22 12:04:53,554 - root - INFO - Step 2, User Sergey_robots, UserID 464483163, entered: 123
2024-09-22 12:04:53,555 - root - INFO - Контакт сохранен: 123
2024-09-22 12:04:53,619 - httpx - INFO - HTTP Request: POST https://api.telegram.org/bot7116285682:AAGLPgdKEheK1wlMny_9UAGdnxF-2DwRFcQ/sendMessage "HTTP/1.1 200 OK"
2024-09-22 12:04:54,024 - httpx - INFO - HTTP Request: POST https://api.telegram.org/bot7116285682:AAGLPgdKEheK1wlMny_9UAGdnxF-2DwRFcQ/getUpdates "HTTP/1.1 200 OK"
2024-09-22 12:04:54,025 - root - INFO - Step 3, User Sergey_robots, UserID 464483163, entered: 123
2024-09-22 12:04:54,026 - root - INFO - Аэропорт сохранен: 123
2024-09-22 12:04:54,028 - root - INFO - Данные заказа 1 сохранены в orders\Order1\order_1_data.json.
2024-09-22 12:04:54,028 - root - INFO - Данные заказа 1 сохранены.
2024-09-22 12:04:54,038 - root - INFO - Данные заказа 1 загружены для отправки.
2024-09-22 12:04:54,128 - httpx - INFO - HTTP Request: POST https://api.telegram.org/bot7116285682:AAGLPgdKEheK1wlMny_9UAGdnxF-2DwRFcQ/sendMessage "HTTP/1.1 200 OK"
2024-09-22 12:04:54,130 - root - INFO - Детали заказа 1 отправлены в чат -1002452328851.
2024-09-22 12:04:54,218 - httpx - INFO - HTTP Request: POST https://api.telegram.org/bot7116285682:AAGLPgdKEheK1wlMny_9UAGdnxF-2DwRFcQ/sendMessage "HTTP/1.1 200 OK"
2024-09-22 12:04:54,220 - root - INFO - Дополнительная информация о пользователе отправлена в чат -1002452328851.
2024-09-22 12:04:54,220 - root - INFO - Детали заказа 1 отправлены в ORDER_CHAT_ID.
2024-09-22 12:04:54,311 - httpx - INFO - HTTP Request: POST https://api.telegram.org/bot7116285682:AAGLPgdKEheK1wlMny_9UAGdnxF-2DwRFcQ/sendMessage "HTTP/1.1 200 OK"
2024-09-22 12:04:54,523 - httpx - INFO - HTTP Request: POST https://api.telegram.org/bot7116285682:AAGLPgdKEheK1wlMny_9UAGdnxF-2DwRFcQ/sendPhoto "HTTP/1.1 200 OK"
2024-09-22 12:04:54,524 - root - INFO - Инструкция отправлена пользователю.
2024-09-22 12:05:04,107 - httpx - INFO - HTTP Request: POST https://api.telegram.org/bot7116285682:AAGLPgdKEheK1wlMny_9UAGdnxF-2DwRFcQ/getUpdates "HTTP/1.1 200 OK"
2024-09-22 12:05:14,162 - httpx - INFO - HTTP Request: POST https://api.telegram.org/bot7116285682:AAGLPgdKEheK1wlMny_9UAGdnxF-2DwRFcQ/getUpdates "HTTP/1.1 200 OK"
2024-09-22 12:05:24,217 - httpx - INFO - HTTP Request: POST https://api.telegram.org/bot7116285682:AAGLPgdKEheK1wlMny_9UAGdnxF-2DwRFcQ/getUpdates "HTTP/1.1 200 OK"
2024-09-22 12:05:34,274 - httpx - INFO - HTTP Request: POST https://api.telegram.org/bot7116285682:AAGLPgdKEheK1wlMny_9UAGdnxF-2DwRFcQ/getUpdates "HTTP/1.1 200 OK"
2024-09-22 12:05:44,330 - httpx - INFO - HTTP Request: POST https://api.telegram.org/bot7116285682:AAGLPgdKEheK1wlMny_9UAGdnxF-2DwRFcQ/getUpdates "HTTP/1.1 200 OK"
2024-09-22 12:05:54,385 - httpx - INFO - HTTP Request: POST https://api.telegram.org/bot7116285682:AAGLPgdKEheK1wlMny_9UAGdnxF-2DwRFcQ/getUpdates "HTTP/1.1 200 OK"
2024-09-22 12:06:04,448 - httpx - INFO - HTTP Request: POST https://api.telegram.org/bot7116285682:AAGLPgdKEheK1wlMny_9UAGdnxF-2DwRFcQ/getUpdates "HTTP/1.1 200 OK"
2024-09-22 12:06:14,507 - httpx - INFO - HTTP Request: POST https://api.telegram.org/bot7116285682:AAGLPgdKEheK1wlMny_9UAGdnxF-2DwRFcQ/getUpdates "HTTP/1.1 200 OK"
2024-09-22 12:06:24,560 - httpx - INFO - HTTP Request: POST https://api.telegram.org/bot7116285682:AAGLPgdKEheK1wlMny_9UAGdnxF-2DwRFcQ/getUpdates "HTTP/1.1 200 OK"
2024-09-22 12:06:34,613 - httpx - INFO - HTTP Request: POST https://api.telegram.org/bot7116285682:AAGLPgdKEheK1wlMny_9UAGdnxF-2DwRFcQ/getUpdates "HTTP/1.1 200 OK"
2024-09-22 12:06:44,679 - httpx - INFO - HTTP Request: POST https://api.telegram.org/bot7116285682:AAGLPgdKEheK1wlMny_9UAGdnxF-2DwRFcQ/getUpdates "HTTP/1.1 200 OK"
2024-09-22 12:06:54,770 - httpx - INFO - HTTP Request: POST https://api.telegram.org/bot7116285682:AAGLPgdKEheK1wlMny_9UAGdnxF-2DwRFcQ/getUpdates "HTTP/1.1 200 OK"
2024-09-22 12:07:04,831 - httpx - INFO - HTTP Request: POST https://api.telegram.org/bot7116285682:AAGLPgdKEheK1wlMny_9UAGdnxF-2DwRFcQ/getUpdates "HTTP/1.1 200 OK"
2024-09-22 12:07:14,905 - httpx - INFO - HTTP Request: POST https://api.telegram.org/bot7116285682:AAGLPgdKEheK1wlMny_9UAGdnxF-2DwRFcQ/getUpdates "HTTP/1.1 200 OK"
2024-09-22 12:07:24,965 - httpx - INFO - HTTP Request: POST https://api.telegram.org/bot7116285682:AAGLPgdKEheK1wlMny_9UAGdnxF-2DwRFcQ/getUpdates "HTTP/1.1 200 OK"
2024-09-22 12:07:35,016 - httpx - INFO - HTTP Request: POST https://api.telegram.org/bot7116285682:AAGLPgdKEheK1wlMny_9UAGdnxF-2DwRFcQ/getUpdates "HTTP/1.1 200 OK"
2024-09-22 12:07:45,075 - httpx - INFO - HTTP Request: POST https://api.telegram.org/bot7116285682:AAGLPgdKEheK1wlMny_9UAGdnxF-2DwRFcQ/getUpdates "HTTP/1.1 200 OK"
2024-09-22 12:07:55,130 - httpx - INFO - HTTP Request: POST https://api.telegram.org/bot7116285682:AAGLPgdKEheK1wlMny_9UAGdnxF-2DwRFcQ/getUpdates "HTTP/1.1 200 OK"
2024-09-22 12:08:05,249 - httpx - INFO - HTTP Request: POST https://api.telegram.org/bot7116285682:AAGLPgdKEheK1wlMny_9UAGdnxF-2DwRFcQ/getUpdates "HTTP/1.1 200 OK"
2024-09-22 12:08:15,306 - httpx - INFO - HTTP Request: POST https://api.telegram.org/bot7116285682:AAGLPgdKEheK1wlMny_9UAGdnxF-2DwRFcQ/getUpdates "HTTP/1.1 200 OK"
2024-09-22 12:08:25,360 - httpx - INFO - HTTP Request: POST https://api.telegram.org/bot7116285682:AAGLPgdKEheK1wlMny_9UAGdnxF-2DwRFcQ/getUpdates "HTTP/1.1 200 OK"
2024-09-22 12:08:33,005 - httpx - INFO - HTTP Request: POST https://api.telegram.org/bot7116285682:AAGLPgdKEheK1wlMny_9UAGdnxF-2DwRFcQ/getUpdates "HTTP/1.1 200 OK"
2024-09-22 12:08:33,006 - telegram.ext.Application - INFO - Application is stopping. This might take a moment.
2024-09-22 12:08:33,007 - telegram.ext.Application - INFO - Application.stop() complete
2024-09-22 12:08:33,007 - root - INFO - Бот запущен и работает в режиме polling.
