2024-09-22 12:42:02,878 - root - INFO - Логирование настроено успешно.
2024-09-22 12:42:02,878 - root - INFO - Запуск бота...
2024-09-22 12:42:02,897 - root - INFO - Приложение Telegram бота создано.
2024-09-22 12:42:02,897 - root - INFO - Обработчик команды /start добавлен.
2024-09-22 12:42:02,897 - root - INFO - Обработчик диалога покупки добавлен.
2024-09-22 12:42:02,897 - root - INFO - Обработчик диалога помощи добавлен.
2024-09-22 12:42:02,897 - root - INFO - Обработчик QR-кода добавлен.
2024-09-22 12:42:02,898 - root - INFO - Обработчик команды /make_backup добавлен.
2024-09-22 12:42:02,898 - root - INFO - Обработчик ошибок добавлен.
2024-09-22 12:42:03,130 - telegram.ext.Application - INFO - Application started
2024-09-22 12:42:06,723 - root - INFO - Пользователь Sergey_robots начал диалог покупки.
2024-09-22 12:42:06,723 - root - INFO - Загружено 2 заказов из orders.txt.
2024-09-22 12:42:06,724 - root - INFO - Созданы данные заказа 3.
2024-09-22 12:42:06,724 - root - INFO - Сохранено 3 заказов в orders.txt.
2024-09-22 12:42:06,725 - root - INFO - Заказ 3 инициализирован и добавлен в список заказов.
2024-09-22 12:42:06,954 - root - INFO - Заказ инициализирован успешно.
2024-09-22 12:42:08,901 - root - INFO - Step 0, User Sergey_robots, UserID 464483163, entered: 123
2024-09-22 12:42:08,901 - root - INFO - Имя пользователя сохранено: 123
2024-09-22 12:42:09,375 - root - INFO - Step 1, User Sergey_robots, UserID 464483163, entered: 123
2024-09-22 12:42:09,375 - root - INFO - Дата сохранена: 123
2024-09-22 12:42:09,813 - root - INFO - Step 2, User Sergey_robots, UserID 464483163, entered: 123
2024-09-22 12:42:09,814 - root - INFO - Контакт сохранен: 123
2024-09-22 12:42:10,259 - root - INFO - Step 3, User Sergey_robots, UserID 464483163, entered: 123
2024-09-22 12:42:10,259 - root - INFO - Аэропорт сохранен: 123
2024-09-22 12:42:10,260 - root - INFO - Данные заказа 3 сохранены в orders\Order3\order_3_data.json.
2024-09-22 12:42:10,261 - root - INFO - Данные заказа 3 сохранены.
2024-09-22 12:42:10,279 - root - INFO - Данные заказа 3 загружены для отправки.
2024-09-22 12:42:10,366 - root - INFO - Детали заказа 3 отправлены в чат -1002452328851.
2024-09-22 12:42:10,454 - root - INFO - Дополнительная информация о пользователе отправлена в чат -1002452328851.
2024-09-22 12:42:10,455 - root - INFO - Детали заказа 3 отправлены в ORDER_CHAT_ID.
2024-09-22 12:42:11,150 - root - INFO - Инструкция по установке отправлена пользователю.
2024-09-22 12:42:11,730 - root - INFO - Инструкция по скриншоту отправлена пользователю.
2024-09-22 12:51:50,352 - telegram.ext.Application - INFO - Application is stopping. This might take a moment.
2024-09-22 12:51:50,353 - telegram.ext.Application - INFO - Application.stop() complete
2024-09-22 12:51:50,355 - root - INFO - Бот запущен и работает в режиме polling.
