2024-09-22 12:51:51,452 - root - INFO - Логирование настроено успешно.
2024-09-22 12:51:51,453 - root - INFO - Запуск бота...
2024-09-22 12:51:51,469 - root - INFO - Приложение Telegram бота создано.
2024-09-22 12:51:51,470 - root - INFO - Обработчик команды /start добавлен.
2024-09-22 12:51:51,470 - root - INFO - Обработчик диалога покупки добавлен.
2024-09-22 12:51:51,471 - root - INFO - Обработчик диалога помощи добавлен.
2024-09-22 12:51:51,471 - root - INFO - Обработчик QR-кода добавлен.
2024-09-22 12:51:51,482 - root - INFO - Обработчик команды /make_backup добавлен.
2024-09-22 12:51:51,482 - root - INFO - Обработчик ошибок добавлен.
2024-09-22 12:51:51,683 - telegram.ext.Application - INFO - Application started
2024-09-22 12:51:54,465 - root - INFO - Пользователь Sergey_robots начал диалог покупки.
2024-09-22 12:51:54,466 - root - INFO - Загружено 3 заказов из orders.txt.
2024-09-22 12:51:54,466 - root - INFO - Созданы данные заказа 4.
2024-09-22 12:51:54,467 - root - INFO - Сохранено 4 заказов в orders.txt.
2024-09-22 12:51:54,468 - root - INFO - Заказ 4 инициализирован и добавлен в список заказов.
2024-09-22 12:51:54,553 - root - INFO - Заказ инициализирован успешно.
2024-09-22 12:51:57,006 - root - INFO - Step 0, User Sergey_robots, UserID 464483163, entered: sdf
2024-09-22 12:51:57,007 - root - INFO - Имя пользователя сохранено: sdf
2024-09-22 12:51:57,310 - root - INFO - Step 1, User Sergey_robots, UserID 464483163, entered: sdf
2024-09-22 12:51:57,311 - root - INFO - Дата сохранена: sdf
2024-09-22 12:51:57,655 - root - INFO - Step 2, User Sergey_robots, UserID 464483163, entered: sdf
2024-09-22 12:51:57,655 - root - INFO - Контакт сохранен: sdf
2024-09-22 12:51:58,384 - root - INFO - Step 3, User Sergey_robots, UserID 464483163, entered: sdf
2024-09-22 12:51:58,384 - root - INFO - Аэропорт сохранен: sdf
2024-09-22 12:51:58,386 - root - INFO - Данные заказа 4 сохранены в orders\Order4\order_4_data.json.
2024-09-22 12:51:58,387 - root - INFO - Данные заказа 4 сохранены.
2024-09-22 12:51:58,396 - root - INFO - Данные заказа 4 загружены для отправки.
2024-09-22 12:51:58,498 - root - INFO - Детали заказа 4 отправлены в чат -1002452328851.
2024-09-22 12:51:58,617 - root - INFO - Дополнительная информация о пользователе отправлена в чат -1002452328851.
2024-09-22 12:51:58,618 - root - INFO - Детали заказа 4 отправлены в ORDER_CHAT_ID.
2024-09-22 12:51:59,370 - root - INFO - Инструкция по установке отправлена пользователю.
2024-09-22 12:52:00,040 - root - INFO - Инструкция по скриншоту отправлена пользователю.
2024-09-22 12:56:08,044 - root - WARNING - Пользователь не отправил фото.
2024-09-22 12:56:11,216 - root - INFO - Остановка процесса для пользователя Sergey_robots, UserID 464483163
2024-09-22 12:56:12,619 - root - INFO - Пользователь Sergey_robots начал диалог покупки.
2024-09-22 12:56:12,620 - root - INFO - Загружено 4 заказов из orders.txt.
2024-09-22 12:56:12,620 - root - INFO - Созданы данные заказа 5.
2024-09-22 12:56:12,621 - root - INFO - Сохранено 5 заказов в orders.txt.
2024-09-22 12:56:12,621 - root - INFO - Заказ 5 инициализирован и добавлен в список заказов.
2024-09-22 12:56:12,736 - root - INFO - Заказ инициализирован успешно.
2024-09-22 12:56:15,957 - root - INFO - Step 0, User Sergey_robots, UserID 464483163, entered: ert
2024-09-22 12:56:15,957 - root - INFO - Имя пользователя сохранено: ert
2024-09-22 12:56:16,268 - root - INFO - Step 1, User Sergey_robots, UserID 464483163, entered: ert
2024-09-22 12:56:16,269 - root - INFO - Дата сохранена: ert
2024-09-22 12:56:16,627 - root - INFO - Step 2, User Sergey_robots, UserID 464483163, entered: ert
2024-09-22 12:56:16,627 - root - INFO - Контакт сохранен: ert
2024-09-22 12:56:17,661 - root - INFO - Step 3, User Sergey_robots, UserID 464483163, entered: ert
2024-09-22 12:56:17,662 - root - INFO - Аэропорт сохранен: ert
2024-09-22 12:56:17,663 - root - INFO - Данные заказа 5 сохранены в orders\Order5\order_5_data.json.
2024-09-22 12:56:17,663 - root - INFO - Данные заказа 5 сохранены.
2024-09-22 12:56:17,679 - root - INFO - Данные заказа 5 загружены для отправки.
2024-09-22 12:56:17,830 - root - INFO - Детали заказа 5 отправлены в чат -1002452328851.
2024-09-22 12:56:18,049 - root - INFO - Дополнительная информация о пользователе отправлена в чат -1002452328851.
2024-09-22 12:56:18,050 - root - INFO - Детали заказа 5 отправлены в ORDER_CHAT_ID.
2024-09-22 12:56:18,788 - root - INFO - Инструкция по установке отправлена пользователю.
2024-09-22 12:56:19,420 - root - INFO - Инструкция по скриншоту отправлена пользователю.
2024-09-22 12:58:54,164 - root - INFO - Остановка процесса для пользователя Sergey_robots, UserID 464483163
2024-09-22 12:58:55,560 - root - INFO - Пользователь Sergey_robots начал диалог покупки.
2024-09-22 12:58:55,561 - root - INFO - Загружено 5 заказов из orders.txt.
2024-09-22 12:58:55,561 - root - INFO - Созданы данные заказа 6.
2024-09-22 12:58:55,562 - root - INFO - Сохранено 6 заказов в orders.txt.
2024-09-22 12:58:55,563 - root - INFO - Заказ 6 инициализирован и добавлен в список заказов.
2024-09-22 12:58:55,636 - root - INFO - Заказ инициализирован успешно.
2024-09-22 12:58:57,486 - root - INFO - Step 0, User Sergey_robots, UserID 464483163, entered: пр
2024-09-22 12:58:57,487 - root - INFO - Имя пользователя сохранено: пр
2024-09-22 12:58:58,192 - root - INFO - Step 1, User Sergey_robots, UserID 464483163, entered: мит
2024-09-22 12:58:58,192 - root - INFO - Дата сохранена: мит
2024-09-22 12:58:58,502 - root - INFO - Step 2, User Sergey_robots, UserID 464483163, entered: мит
2024-09-22 12:58:58,502 - root - INFO - Контакт сохранен: мит
2024-09-22 12:58:58,995 - root - INFO - Step 3, User Sergey_robots, UserID 464483163, entered: мит
2024-09-22 12:58:58,996 - root - INFO - Аэропорт сохранен: мит
2024-09-22 12:58:58,996 - root - INFO - Данные заказа 6 сохранены в orders\Order6\order_6_data.json.
2024-09-22 12:58:58,997 - root - INFO - Данные заказа 6 сохранены.
2024-09-22 12:58:59,005 - root - INFO - Данные заказа 6 загружены для отправки.
2024-09-22 12:58:59,173 - root - INFO - Детали заказа 6 отправлены в чат -1002452328851.
2024-09-22 12:58:59,387 - root - INFO - Дополнительная информация о пользователе отправлена в чат -1002452328851.
2024-09-22 12:58:59,387 - root - INFO - Детали заказа 6 отправлены в ORDER_CHAT_ID.
2024-09-22 12:58:59,983 - root - INFO - Инструкция по установке отправлена пользователю.
2024-09-22 12:59:00,595 - root - INFO - Инструкция по скриншоту отправлена пользователю.
2024-09-22 13:27:40,556 - root - INFO - Step 4, User Sergey_robots, UserID 464483163, entered: None
2024-09-22 13:27:40,892 - root - INFO - Фото сохранено: orders\Order6\photo_step5_1.jpg
2024-09-22 13:27:41,164 - root - INFO - Фото orders\Order6\photo_step5_1.jpg отправлено в чат -1002452328851 с подписью 'Бизнес зал заказа номер 6'.
2024-09-22 13:27:41,165 - root - INFO - Фото этапа 5 заказа 6 отправлено в ORDER_CHAT_ID.
2024-09-22 13:27:41,165 - root - INFO - Фото этапа 5 для заказа 6 сохранено и отправлено.
2024-09-22 13:27:41,257 - root - INFO - Пользователю отправлено подтверждение о сохранении заказа 6.
2024-09-22 13:54:44,370 - root - WARNING - Пользователь не отправил фото на этапе 6.
2024-09-22 13:54:52,904 - root - WARNING - Пользователь не отправил фото на этапе 6.
2024-09-22 13:55:37,129 - telegram.ext.Application - INFO - Application is stopping. This might take a moment.
2024-09-22 13:55:37,130 - telegram.ext.Application - INFO - Application.stop() complete
2024-09-22 13:55:37,132 - root - INFO - Бот запущен и работает в режиме polling.
