2024-09-23 10:07:00,664 - root - INFO - Логирование настроено успешно.
2024-09-23 10:07:00,664 - root - INFO - Запуск бота...
2024-09-23 10:07:00,688 - root - INFO - Приложение Telegram бота создано.
2024-09-23 10:07:00,688 - root - INFO - Обработчик команды /start добавлен.
2024-09-23 10:07:00,688 - root - INFO - Обработчик диалога покупки добавлен.
2024-09-23 10:07:00,689 - root - INFO - Обработчик диалога помощи добавлен.
2024-09-23 10:07:00,689 - root - INFO - Обработчик QR-кода добавлен.
2024-09-23 10:07:00,690 - root - INFO - Обработчик команды /make_backup добавлен.
2024-09-23 10:07:00,690 - root - INFO - Обработчик ошибок добавлен.
2024-09-23 10:07:00,912 - telegram.ext.Application - INFO - Application started
2024-09-23 10:07:49,801 - root - INFO - Пользователь Sergey_robots, UserID 464483163 вызвал команду /start.
2024-09-23 10:07:49,801 - root - INFO - Пользователь Sergey_robots, UserID 464483163 пришел по рекламной кампании: ad333
2024-09-23 10:08:10,280 - root - INFO - Пользователь Sergey_robots начал диалог покупки.
2024-09-23 10:08:10,297 - root - INFO - Загружено 8 заказов из orders.txt.
2024-09-23 10:08:10,298 - root - INFO - Созданы данные заказа 9.
2024-09-23 10:08:10,298 - root - INFO - Сохранено 9 заказов в orders.txt.
2024-09-23 10:08:10,298 - root - INFO - Заказ 9 инициализирован и добавлен в список заказов.
2024-09-23 10:08:10,478 - root - INFO - Заказ инициализирован успешно.
2024-09-23 10:08:30,657 - root - INFO - Step 0, User Sergey_robots, UserID 464483163, entered: qwe
2024-09-23 10:08:30,657 - root - INFO - Имя пользователя сохранено: qwe
2024-09-23 10:08:33,047 - root - INFO - Остановка процесса для пользователя Sergey_robots, UserID 464483163
2024-09-23 10:08:54,057 - root - INFO - Пользователь Sergey_robots начал диалог помощи.
2024-09-23 10:08:55,281 - root - INFO - Help Step 1: User Sergey_robots (464483163) entered: qwe
2024-09-23 10:08:55,281 - root - INFO - Сообщение сформировано для поддержки.
2024-09-23 10:08:55,449 - root - INFO - Сообщение отправлено в ORDER_CHAT_ID.
2024-09-23 10:08:55,598 - root - INFO - Подтверждение отправлено пользователю.
2024-09-23 10:09:13,163 - root - INFO - Пользователь Sergey_robots начал диалог покупки.
2024-09-23 10:09:13,164 - root - INFO - Загружено 9 заказов из orders.txt.
2024-09-23 10:09:13,164 - root - INFO - Созданы данные заказа 10.
2024-09-23 10:09:13,166 - root - INFO - Сохранено 10 заказов в orders.txt.
2024-09-23 10:09:13,166 - root - INFO - Заказ 10 инициализирован и добавлен в список заказов.
2024-09-23 10:09:13,436 - root - INFO - Заказ инициализирован успешно.
2024-09-23 10:09:16,991 - root - INFO - Step 0, User Sergey_robots, UserID 464483163, entered: qwe
2024-09-23 10:09:16,991 - root - INFO - Имя пользователя сохранено: qwe
2024-09-23 10:09:17,850 - root - INFO - Step 1, User Sergey_robots, UserID 464483163, entered: qwe
2024-09-23 10:09:17,851 - root - INFO - Дата сохранена: qwe
2024-09-23 10:09:18,594 - root - INFO - Step 2, User Sergey_robots, UserID 464483163, entered: qwe
2024-09-23 10:09:18,594 - root - INFO - Контакт сохранен: qwe
2024-09-23 10:09:19,567 - root - INFO - Step 3, User Sergey_robots, UserID 464483163, entered: qwe
2024-09-23 10:09:19,567 - root - INFO - Аэропорт сохранен: qwe
2024-09-23 10:09:19,568 - root - INFO - Данные заказа 10 сохранены в orders\Order10\order_10_data.json.
2024-09-23 10:09:19,569 - root - INFO - Данные заказа 10 сохранены.
2024-09-23 10:09:19,575 - root - INFO - Данные заказа 10 загружены для отправки.
2024-09-23 10:09:19,684 - root - INFO - Детали заказа 10 отправлены в чат -1002452328851.
2024-09-23 10:09:19,771 - root - INFO - Дополнительная информация о пользователе отправлена в чат -1002452328851.
2024-09-23 10:09:19,772 - root - INFO - Детали заказа 10 отправлены в ORDER_CHAT_ID.
2024-09-23 10:09:20,568 - root - INFO - Инструкция по установке отправлена пользователю.
2024-09-23 10:09:21,258 - root - INFO - Инструкция по скриншоту отправлена пользователю.
2024-09-23 11:23:52,278 - root - INFO - Step 4, User Sergey_robots, UserID 464483163, entered: None
2024-09-23 11:23:52,601 - root - INFO - Фото сохранено: orders\Order10\photo_step5_1.jpg
2024-09-23 11:23:52,826 - root - INFO - Фото orders\Order10\photo_step5_1.jpg отправлено в чат -1002452328851 с подписью 'Бизнес зал заказа номер 10'.
2024-09-23 11:23:52,826 - root - INFO - Фото этапа 5 заказа 10 отправлено в ORDER_CHAT_ID.
2024-09-23 11:23:52,827 - root - INFO - Фото этапа 5 для заказа 10 сохранено и отправлено.
2024-09-23 11:23:52,908 - root - INFO - Пользователю отправлено подтверждение о сохранении заказа 10.
2024-09-23 11:25:06,421 - root - INFO - Фото сохранено: orders\Order10\photo_step6_2.jpg
2024-09-23 11:25:06,755 - root - INFO - Фото orders\Order10\photo_step6_2.jpg отправлено в чат -1002452328851 с подписью 'Оплата заказа номер 10'.
2024-09-23 11:25:06,756 - root - INFO - Фото этапа 6 заказа 10 отправлено в ORDER_CHAT_ID.
2024-09-23 11:25:06,756 - root - INFO - Фото этапа 6 для заказа 10 сохранено и отправлено.
2024-09-23 11:25:06,863 - root - INFO - Пользователю отправлено подтверждение о принятии заказа 10.
2024-09-23 11:25:06,863 - root - INFO - Запланирована отправка заказа 10 в PRODUCTION_CHAT_ID через 3 минуты.
2024-09-23 11:25:07,872 - root - INFO - Данные заказа 10 загружены для отправки.
2024-09-23 11:25:08,171 - root - INFO - Детали заказа 10 отправлены в чат -4575086244.
2024-09-23 11:25:08,172 - root - INFO - Детали заказа 10 отправлены в PRODUCTION_CHAT_ID.
2024-09-23 11:25:08,371 - root - INFO - Фото orders\Order10\photo_step5_1.jpg отправлено в чат -4575086244 с подписью 'Бизнес зал заказа номер 10'.
2024-09-23 11:25:08,372 - root - INFO - Фото заказа 10 отправлено в PRODUCTION_CHAT_ID.
2024-09-23 18:57:02,610 - root - INFO - Обработка полученного QR-кода.
2024-09-23 18:57:02,610 - root - WARNING - Фото или подпись отсутствуют в сообщении.
2024-09-23 18:57:10,811 - root - INFO - Обработка полученного QR-кода.
2024-09-23 18:57:10,819 - root - INFO - Загружено 10 заказов из orders.txt.
2024-09-23 18:57:11,284 - root - INFO - Фото сохранено: orders\Order10\photo_step_qrcode.jpg
2024-09-23 18:57:11,369 - root - INFO - Заказ 10 найден и обработан.
2024-09-23 18:57:11,948 - root - INFO - Фото orders\Order10\photo_step_qrcode.jpg отправлено в чат 464483163 с подписью 'Вот ваш QR-код для заказа №10.'.
2024-09-23 18:57:11,949 - root - INFO - QR-код для заказа 10 отправлен пользователю.
2024-09-23 18:57:12,190 - root - INFO - Фото orders\Order10\photo_step_qrcode.jpg отправлено в чат -1002452328851 с подписью 'QR-код для заказа номер 10'.
2024-09-23 18:57:12,190 - root - INFO - QR-код для заказа 10 отправлен в ORDER_CHAT_ID.
2024-09-23 18:57:12,284 - root - INFO - Пользователю отправлено благодарственное сообщение.
2024-09-23 19:02:46,966 - telegram.ext.Application - INFO - Application is stopping. This might take a moment.
2024-09-23 19:02:46,967 - telegram.ext.Application - INFO - Application.stop() complete
2024-09-23 19:02:46,969 - root - INFO - Бот запущен и работает в режиме polling.
