2024-09-22 12:08:34,200 - root - INFO - Логирование настроено успешно.
2024-09-22 12:08:34,201 - root - INFO - Запуск бота...
2024-09-22 12:08:34,218 - root - INFO - Приложение Telegram бота создано.
2024-09-22 12:08:34,218 - root - INFO - Обработчик команды /start добавлен.
2024-09-22 12:08:34,218 - root - INFO - Обработчик диалога покупки добавлен.
2024-09-22 12:08:34,218 - root - INFO - Обработчик диалога помощи добавлен.
2024-09-22 12:08:34,218 - root - INFO - Обработчик QR-кода добавлен.
2024-09-22 12:08:34,220 - root - INFO - Обработчик команды /make_backup добавлен.
2024-09-22 12:08:34,220 - root - INFO - Обработчик ошибок добавлен.
2024-09-22 12:08:34,418 - telegram.ext.Application - INFO - Application started
2024-09-22 12:09:06,698 - root - INFO - Пользователь Sergey_robots начал диалог покупки.
2024-09-22 12:09:06,699 - root - INFO - Загружено 1 заказов из orders.txt.
2024-09-22 12:09:06,699 - root - INFO - Созданы данные заказа 2.
2024-09-22 12:09:06,701 - root - INFO - Сохранено 2 заказов в orders.txt.
2024-09-22 12:09:06,701 - root - INFO - Заказ 2 инициализирован и добавлен в список заказов.
2024-09-22 12:09:06,952 - root - INFO - Заказ инициализирован успешно.
2024-09-22 12:09:10,735 - root - INFO - Step 0, User Sergey_robots, UserID 464483163, entered: tyu
2024-09-22 12:09:10,736 - root - INFO - Имя пользователя сохранено: tyu
2024-09-22 12:09:11,180 - root - INFO - Step 1, User Sergey_robots, UserID 464483163, entered: tyu
2024-09-22 12:09:11,181 - root - INFO - Дата сохранена: tyu
2024-09-22 12:09:11,662 - root - INFO - Step 2, User Sergey_robots, UserID 464483163, entered: tyu
2024-09-22 12:09:11,664 - root - INFO - Контакт сохранен: tyu
2024-09-22 12:09:12,814 - root - INFO - Step 3, User Sergey_robots, UserID 464483163, entered: tyu
2024-09-22 12:09:12,814 - root - INFO - Аэропорт сохранен: tyu
2024-09-22 12:09:12,817 - root - INFO - Данные заказа 2 сохранены в orders\Order2\order_2_data.json.
2024-09-22 12:09:12,817 - root - INFO - Данные заказа 2 сохранены.
2024-09-22 12:09:12,825 - root - INFO - Данные заказа 2 загружены для отправки.
2024-09-22 12:09:13,020 - root - INFO - Детали заказа 2 отправлены в чат -1002452328851.
2024-09-22 12:09:13,232 - root - INFO - Дополнительная информация о пользователе отправлена в чат -1002452328851.
2024-09-22 12:09:13,233 - root - INFO - Детали заказа 2 отправлены в ORDER_CHAT_ID.
2024-09-22 12:09:13,636 - root - INFO - Инструкция отправлена пользователю.
2024-09-22 12:28:56,373 - root - WARNING - Пользователь не отправил фото.
2024-09-22 12:41:09,841 - telegram.ext.Application - INFO - Application is stopping. This might take a moment.
2024-09-22 12:41:09,843 - telegram.ext.Application - INFO - Application.stop() complete
2024-09-22 12:41:09,845 - root - INFO - Бот запущен и работает в режиме polling.
