2024-09-22 13:55:38,520 - root - INFO - Логирование настроено успешно.
2024-09-22 13:55:38,520 - root - INFO - Запуск бота...
2024-09-22 13:55:38,537 - root - INFO - Приложение Telegram бота создано.
2024-09-22 13:55:38,537 - root - INFO - Обработчик команды /start добавлен.
2024-09-22 13:55:38,538 - root - INFO - Обработчик диалога покупки добавлен.
2024-09-22 13:55:38,538 - root - INFO - Обработчик диалога помощи добавлен.
2024-09-22 13:55:38,538 - root - INFO - Обработчик QR-кода добавлен.
2024-09-22 13:55:38,539 - root - INFO - Обработчик команды /make_backup добавлен.
2024-09-22 13:55:38,539 - root - INFO - Обработчик ошибок добавлен.
2024-09-22 13:55:38,730 - telegram.ext.Application - INFO - Application started
2024-09-22 13:55:42,804 - root - INFO - Пользователь Sergey_robots начал диалог покупки.
2024-09-22 13:55:42,804 - root - INFO - Загружено 6 заказов из orders.txt.
2024-09-22 13:55:42,804 - root - INFO - Созданы данные заказа 7.
2024-09-22 13:55:42,805 - root - INFO - Сохранено 7 заказов в orders.txt.
2024-09-22 13:55:42,805 - root - INFO - Заказ 7 инициализирован и добавлен в список заказов.
2024-09-22 13:55:43,011 - root - INFO - Заказ инициализирован успешно.
2024-09-22 13:55:46,785 - root - INFO - Step 0, User Sergey_robots, UserID 464483163, entered: йцу
2024-09-22 13:55:46,786 - root - INFO - Имя пользователя сохранено: йцу
2024-09-22 13:55:47,274 - root - INFO - Step 1, User Sergey_robots, UserID 464483163, entered: йцу
2024-09-22 13:55:47,275 - root - INFO - Дата сохранена: йцу
2024-09-22 13:55:47,678 - root - INFO - Step 2, User Sergey_robots, UserID 464483163, entered: йцу
2024-09-22 13:55:47,678 - root - INFO - Контакт сохранен: йцу
2024-09-22 13:55:48,188 - root - INFO - Step 3, User Sergey_robots, UserID 464483163, entered: йцу
2024-09-22 13:55:48,189 - root - INFO - Аэропорт сохранен: йцу
2024-09-22 13:55:48,189 - root - INFO - Данные заказа 7 сохранены в orders\Order7\order_7_data.json.
2024-09-22 13:55:48,190 - root - INFO - Данные заказа 7 сохранены.
2024-09-22 13:55:48,194 - root - INFO - Данные заказа 7 загружены для отправки.
2024-09-22 13:55:48,352 - root - INFO - Детали заказа 7 отправлены в чат -1002452328851.
2024-09-22 13:55:48,524 - root - INFO - Дополнительная информация о пользователе отправлена в чат -1002452328851.
2024-09-22 13:55:48,524 - root - INFO - Детали заказа 7 отправлены в ORDER_CHAT_ID.
2024-09-22 13:55:49,123 - root - INFO - Инструкция по установке отправлена пользователю.
2024-09-22 13:55:49,463 - root - INFO - Инструкция по скриншоту отправлена пользователю.
2024-09-22 13:58:04,731 - root - INFO - Step 4, User Sergey_robots, UserID 464483163, entered: None
2024-09-22 13:58:05,007 - root - INFO - Фото сохранено: orders\Order7\photo_step5_1.jpg
2024-09-22 13:58:05,220 - root - INFO - Фото orders\Order7\photo_step5_1.jpg отправлено в чат -1002452328851 с подписью 'Бизнес зал заказа номер 7'.
2024-09-22 13:58:05,220 - root - INFO - Фото этапа 5 заказа 7 отправлено в ORDER_CHAT_ID.
2024-09-22 13:58:05,221 - root - INFO - Фото этапа 5 для заказа 7 сохранено и отправлено.
2024-09-22 13:58:05,306 - root - INFO - Пользователю отправлено подтверждение о сохранении заказа 7.
2024-09-22 13:59:31,301 - root - INFO - Фото сохранено: orders\Order7\photo_step6_2.jpg
2024-09-22 13:59:31,584 - root - INFO - Фото orders\Order7\photo_step6_2.jpg отправлено в чат -1002452328851 с подписью 'Оплата заказа номер 7'.
2024-09-22 13:59:31,585 - root - INFO - Фото этапа 6 заказа 7 отправлено в ORDER_CHAT_ID.
2024-09-22 13:59:31,585 - root - INFO - Фото этапа 6 для заказа 7 сохранено и отправлено.
2024-09-22 13:59:31,651 - root - INFO - Пользователю отправлено подтверждение о принятии заказа 7.
2024-09-22 13:59:31,651 - root - INFO - Запланирована отправка заказа 7 в PRODUCTION_CHAT_ID через 3 минуты.
2024-09-22 14:02:31,645 - root - INFO - Данные заказа 7 загружены для отправки.
2024-09-22 14:02:31,879 - root - INFO - Детали заказа 7 отправлены в чат -4575086244.
2024-09-22 14:02:31,879 - root - INFO - Детали заказа 7 отправлены в PRODUCTION_CHAT_ID.
2024-09-22 14:02:32,056 - root - INFO - Фото orders\Order7\photo_step5_1.jpg отправлено в чат -4575086244 с подписью 'Бизнес зал заказа номер 7'.
2024-09-22 14:02:32,056 - root - INFO - Фото заказа 7 отправлено в PRODUCTION_CHAT_ID.
2024-09-22 14:04:34,127 - root - INFO - Обработка полученного QR-кода.
2024-09-22 14:04:34,127 - root - WARNING - Фото или подпись отсутствуют в сообщении.
2024-09-22 14:04:46,371 - root - INFO - Обработка полученного QR-кода.
2024-09-22 14:04:46,372 - root - INFO - Загружено 7 заказов из orders.txt.
2024-09-22 14:04:46,650 - root - INFO - Фото сохранено: orders\Order7\photo_step_qrcode.jpg
2024-09-22 14:04:46,726 - root - INFO - Заказ 7 найден и обработан.
2024-09-22 14:04:46,965 - root - INFO - Фото orders\Order7\photo_step_qrcode.jpg отправлено в чат 464483163 с подписью 'Вот ваш QR-код для заказа №7.'.
2024-09-22 14:04:46,965 - root - INFO - QR-код для заказа 7 отправлен пользователю.
2024-09-22 14:04:47,155 - root - INFO - Фото orders\Order7\photo_step_qrcode.jpg отправлено в чат -1002452328851 с подписью 'QR-код для заказа номер 7'.
2024-09-22 14:04:47,155 - root - INFO - QR-код для заказа 7 отправлен в ORDER_CHAT_ID.
2024-09-22 14:04:47,229 - root - INFO - Пользователю отправлено благодарственное сообщение.
2024-09-22 14:06:36,258 - root - INFO - Пользователь Sergey_robots начал диалог помощи.
2024-09-22 14:06:38,340 - root - INFO - Help Step 1: User Sergey_robots (464483163) entered: йцу
2024-09-22 14:06:38,340 - root - INFO - Сообщение сформировано для поддержки.
2024-09-22 14:06:38,429 - root - INFO - Сообщение отправлено в ORDER_CHAT_ID.
2024-09-22 14:06:38,513 - root - INFO - Подтверждение отправлено пользователю.
2024-09-22 18:11:35,360 - telegram.ext.Application - INFO - Application is stopping. This might take a moment.
2024-09-22 18:11:35,360 - telegram.ext.Application - INFO - Application.stop() complete
2024-09-22 18:11:35,361 - root - INFO - Бот запущен и работает в режиме polling.
